<?xml version="1.0" encoding="UTF-8"?>
<testng-results ignored="0" total="2" passed="2" failed="0" skipped="0">
  <reporter-output>
  </reporter-output>
  <suite started-at="2023-07-17T16:01:12 IST" name="My_Suite" finished-at="2023-07-17T16:01:14 IST" duration-ms="1780">
    <groups>
    </groups>
    <test started-at="2023-07-17T16:01:12 IST" name="ChromeBrowserTest" finished-at="2023-07-17T16:01:14 IST" duration-ms="1780">
      <class name="ApploginTest.ApplicationTest">
        <test-method signature="launchapp()[pri:1, instance:ApploginTest.ApplicationTest@273e7444]" started-at="2023-07-17T16:01:12 IST" name="launchapp" finished-at="2023-07-17T16:01:14 IST" duration-ms="1591" status="PASS">
          <reporter-output>
          </reporter-output>
        </test-method> <!-- launchapp -->
        <test-method signature="VerifyText()[pri:2, instance:ApploginTest.ApplicationTest@273e7444]" started-at="2023-07-17T16:01:14 IST" name="VerifyText" finished-at="2023-07-17T16:01:14 IST" duration-ms="156" status="PASS">
          <reporter-output>
          </reporter-output>
        </test-method> <!-- VerifyText -->
      </class> <!-- ApploginTest.ApplicationTest -->
    </test> <!-- ChromeBrowserTest -->
  </suite> <!-- My_Suite -->
</testng-results>
